-------------------------------------------------------------------------------
Test set: com.assignment.springboot.springbootTest.ApplicationTests
-------------------------------------------------------------------------------
Tests run: 1, Failures: 1, Errors: 0, Skipped: 0, Time elapsed: 8.434 s <<< FAILURE! - in com.assignment.springboot.springbootTest.ApplicationTests
createProduct(com.assignment.springboot.springbootTest.ApplicationTests)  Time elapsed: 0.422 s  <<< FAILURE!
junit.framework.AssertionFailedError: expected:<201> but was:<404>
	at com.assignment.springboot.springbootTest.ApplicationTests.createProduct(ApplicationTests.java:42)

